\BOOKMARK [1][]{section.1}{\376\377\000I\000n\000t\000r\000o\000d\000u\000c\000t\000i\000o\000n}{}% 1
\BOOKMARK [1][]{section.2}{\376\377\000I\000n\000t\000r\000o\000d\000u\000c\000t\000i\000o\000n}{}% 2
\BOOKMARK [1][]{section.3}{\376\377\000I\000n\000t\000r\000o\000d\000u\000c\000t\000i\000o\000n}{}% 3
\BOOKMARK [1][]{section.4}{\376\377\000I\000n\000t\000r\000o\000d\000u\000c\000t\000i\000o\000n}{}% 4
\BOOKMARK [1][]{section.5}{\376\377\000I\000n\000t\000r\000o\000d\000u\000c\000t\000i\000o\000n}{}% 5
\BOOKMARK [1][]{section.6}{\376\377\000I\000n\000t\000r\000o\000d\000u\000c\000t\000i\000o\000n}{}% 6
\BOOKMARK [1][]{section.7}{\376\377\000I\000n\000t\000r\000o\000d\000u\000c\000t\000i\000o\000n}{}% 7
\BOOKMARK [1][]{section.8}{\376\377\000I\000n\000t\000r\000o\000d\000u\000c\000t\000i\000o\000n}{}% 8
\BOOKMARK [1][]{section.9}{\376\377\000I\000n\000t\000r\000o\000d\000u\000c\000t\000i\000o\000n}{}% 9
\BOOKMARK [1][]{section.10}{\376\377\000I\000n\000t\000r\000o\000d\000u\000c\000t\000i\000o\000n}{}% 10
\BOOKMARK [1][]{section.11}{\376\377\000I\000n\000t\000r\000o\000d\000u\000c\000t\000i\000o\000n}{}% 11
\BOOKMARK [1][]{section.12}{\376\377\000I\000n\000t\000r\000o\000d\000u\000c\000t\000i\000o\000n}{}% 12
\BOOKMARK [1][]{section.13}{\376\377\000I\000n\000t\000r\000o\000d\000u\000c\000t\000i\000o\000n}{}% 13
\BOOKMARK [1][]{section.14}{\376\377\000I\000n\000t\000r\000o\000d\000u\000c\000t\000i\000o\000n}{}% 14
\BOOKMARK [1][]{section.15}{\376\377\000M\000e\000t\000h\000o\000d\000s}{}% 15
\BOOKMARK [2][]{subsection.15.1}{\376\377\000E\000x\000p\000e\000r\000i\000m\000e\000n\000t\000a\000l\000\040\000d\000a\000t\000a\000:\000\040\000O\000u\000t\000s\000i\000d\000e\000-\000o\000u\000t\000\040\000P\000a\000t\000c\000h\000\040\000r\000e\000c\000o\000r\000d\000i\000n\000g}{section.15}% 16
\BOOKMARK [2][]{subsection.15.2}{\376\377\000K\000i\000n\000e\000t\000i\000c\000\040\000s\000c\000h\000e\000m\000e\000s\000\040\000u\000n\000d\000e\000r\000\040\000t\000e\000s\000t}{section.15}% 17
\BOOKMARK [3][]{subsubsection.15.2.1}{\376\377\000c\000o\000n\000d\000u\000c\000t\000a\000n\000c\000e\000\040\000p\000a\000r\000a\000m\000e\000t\000r\000i\000z\000a\000t\000i\000o\000n}{subsection.15.2}% 18
\BOOKMARK [3][]{subsubsection.15.2.2}{\376\377\000k\000i\000n\000e\000t\000i\000c\000\040\000a\000n\000d\000\040\000e\000q\000u\000i\000l\000i\000b\000r\000i\000u\000m\000\040\000a\000l\000l\000o\000s\000t\000e\000r\000i\000c\000\040\000f\000a\000c\000t\000o\000r\000s}{subsection.15.2}% 19
\BOOKMARK [2][]{subsection.15.3}{\376\377\000L\000i\000k\000e\000l\000i\000h\000o\000o\000d\000\040\000f\000u\000n\000c\000t\000i\000o\000n\000\040\000o\000f\000\040\000t\000i\000m\000e\000\040\000a\000v\000e\000r\000a\000g\000e\000d\000\040\000m\000a\000c\000r\000o\000s\000c\000o\000p\000i\000c\000\040\000c\000u\000r\000r\000e\000n\000t\000s\000:\000\040\000M\000a\000c\000r\000o\000I\000R}{section.15}% 20
\BOOKMARK [3][]{subsubsection.15.3.1}{\376\377\000N\000o\000t\000a\000t\000i\000o\000n}{subsection.15.3}% 21
\BOOKMARK [3][]{subsubsection.15.3.2}{\376\377\000M\000a\000r\000k\000o\000v\000\040\000m\000o\000d\000e\000l\000\040\000o\000f\000\040\000s\000i\000n\000g\000l\000e\000-\000c\000h\000a\000n\000n\000e\000l\000\040\000b\000e\000h\000a\000v\000i\000o\000r}{subsection.15.3}% 22
\BOOKMARK [3][]{subsubsection.15.3.3}{\376\377\000M\000i\000c\000r\000o\000R\000,\000\040\000B\000a\000y\000e\000s\000i\000a\000n\000\040\000m\000o\000d\000e\000l\000\040\000f\000o\000r\000\040\000i\000n\000s\000t\000a\000n\000t\000a\000n\000e\000o\000u\000s\000\040\000m\000e\000a\000s\000u\000r\000e\000m\000e\000n\000t\000s\000\040\000o\000f\000\040\000s\000i\000n\000g\000l\000e\000-\000c\000h\000a\000n\000n\000e\000l\000\040\000b\000e\000h\000a\000v\000i\000o\000r}{subsection.15.3}% 23
\BOOKMARK [3][]{subsubsection.15.3.4}{\376\377\000M\000i\000c\000r\000o\000I\000R\000,\000\040\000t\000h\000e\000\040\000B\000a\000y\000e\000s\000i\000a\000n\000\040\000M\000o\000d\000e\000l\000\040\000o\000f\000\040\000T\000i\000m\000e\000-\000A\000v\000e\000r\000a\000g\000e\000d\000\040\000S\000i\000n\000g\000l\000e\000-\000C\000h\000a\000n\000n\000e\000l\000\040\000M\000e\000a\000s\000u\000r\000e\000m\000e\000n\000t\000s}{subsection.15.3}% 24
\BOOKMARK [3][]{subsubsection.15.3.5}{\376\377\000C\000a\000l\000c\000u\000l\000a\000t\000i\000o\000n\000\040\000o\000f\000\040\000t\000h\000e\000\040\000A\000v\000e\000r\000a\000g\000e\000\040\000C\000u\000r\000r\000e\000n\000t\000\040\000C\000o\000n\000d\000i\000t\000i\000o\000n\000a\000l\000\040\000o\000n\000\040\000S\000t\000a\000r\000t\000i\000n\000g\000\040\000a\000n\000d\000\040\000E\000n\000d\000i\000n\000g\000\040\000S\000t\000a\000t\000e\000s}{subsection.15.3}% 25
\BOOKMARK [3][]{subsubsection.15.3.6}{\376\377\000C\000a\000l\000c\000u\000l\000a\000t\000i\000o\000n\000\040\000o\000f\000\040\000t\000h\000e\000\040\000V\000a\000r\000i\000a\000n\000c\000e\000\040\000o\000f\000\040\000t\000h\000e\000\040\000A\000v\000e\000r\000a\000g\000e\000\040\000C\000u\000r\000r\000e\000n\000t\000\040\000C\000o\000n\000d\000i\000t\000i\000o\000n\000a\000l\000\040\000o\000n\000\040\000S\000t\000a\000r\000t\000i\000n\000g\000\040\000a\000n\000d\000\040\000E\000n\000d\000i\000n\000g\000\040\000S\000t\000a\000t\000e\000s}{subsection.15.3}% 26
\BOOKMARK [3][]{subsubsection.15.3.7}{\376\377\000F\000r\000o\000m\000\040\000S\000i\000n\000g\000l\000e\000-\000C\000h\000a\000n\000n\000e\000l\000\040\000A\000n\000a\000l\000y\000s\000i\000s\000\040\000t\000o\000\040\000E\000n\000s\000e\000m\000b\000l\000e\000\040\000C\000h\000a\000n\000n\000e\000l\000\040\000A\000n\000a\000l\000y\000s\000i\000s}{subsection.15.3}% 27
\BOOKMARK [3][]{subsubsection.15.3.8}{\376\377\000M\000a\000c\000r\000o\000R\000,\000\040\000B\000a\000y\000e\000s\000i\000a\000n\000\040\000F\000r\000a\000m\000e\000w\000o\000r\000k\000\040\000f\000o\000r\000\040\000I\000n\000s\000t\000a\000n\000t\000a\000n\000e\000o\000u\000s\000\040\000M\000e\000a\000s\000u\000r\000e\000m\000e\000n\000t\000s\000\040\000o\000f\000\040\000C\000h\000a\000n\000n\000e\000l\000\040\000E\000n\000s\000e\000m\000b\000l\000e\000s}{subsection.15.3}% 28
\BOOKMARK [3][]{subsubsection.15.3.9}{\376\377\000M\000a\000c\000r\000o\000I\000R\000:\000\040\000A\000\040\000B\000a\000y\000e\000s\000i\000a\000n\000\040\000F\000r\000a\000m\000e\000w\000o\000r\000k\000\040\000f\000o\000r\000\040\000I\000n\000t\000e\000r\000v\000a\000l\000-\000A\000v\000e\000r\000a\000g\000e\000d\000\040\000A\000n\000a\000l\000y\000s\000i\000s\000\040\000o\000f\000\040\000C\000h\000a\000n\000n\000e\000l\000\040\000E\000n\000s\000e\000m\000b\000l\000e\000s}{subsection.15.3}% 29
\BOOKMARK [2][]{subsection.15.4}{\376\377\000M\000o\000d\000e\000l\000\040\000C\000o\000m\000p\000a\000r\000i\000s\000o\000n\000\040\000F\000r\000a\000m\000e\000w\000o\000r\000k}{section.15}% 30
\BOOKMARK [3][]{subsubsection.15.4.1}{\376\377\000B\000a\000y\000e\000s\000i\000a\000n\000\040\000F\000a\000c\000t\000o\000r\000\040\000C\000a\000l\000c\000u\000l\000a\000t\000i\000o\000n}{subsection.15.4}% 31
\BOOKMARK [1][]{section.16}{\376\377\000F\000i\000g\000u\000r\000e\000s}{}% 32
\BOOKMARK [1][]{section.17}{\376\377\000C\000o\000m\000e\000n\000t\000a\000r\000i\000o\000s}{}% 33
\BOOKMARK [1][]{section.18}{\376\377\000B\000a\000y\000e\000s\000i\000a\000n\000\040\000S\000e\000l\000e\000c\000t\000i\000o\000n\000\040\000o\000f\000\040\000K\000i\000n\000e\000t\000i\000c\000\040\000S\000c\000h\000e\000m\000e\000s\000\040\000f\000o\000r\000\040\000P\000u\000r\000i\000n\000e\000r\000g\000i\000c\000\040\000R\000e\000c\000e\000p\000t\000o\000r\000\040\000A\000c\000t\000i\000v\000a\000t\000i\000o\000n}{}% 34
\BOOKMARK [1][]{section.19}{\376\377\000A\000n\000a\000l\000y\000s\000i\000s\000\040\000o\000f\000\040\000t\000h\000e\000\040\000P\000o\000s\000t\000e\000r\000i\000o\000r\000\040\000D\000i\000s\000t\000r\000i\000b\000u\000t\000i\000o\000n\000\040\000o\000f\000\040\000S\000c\000h\000e\000m\000e\000\040\000X\000\040\000P\000a\000r\000a\000m\000e\000t\000e\000r\000s}{}% 35
\BOOKMARK [1][]{section.20}{\376\377\000S\000t\000r\000u\000c\000t\000u\000r\000a\000l\000\040\000B\000a\000s\000i\000s\000\040\000o\000f\000\040\000K\000i\000n\000e\000t\000i\000c\000\040\000R\000a\000t\000e\000\040\000M\000o\000d\000u\000l\000a\000t\000i\000o\000n}{}% 36
\BOOKMARK [1][]{section.21}{\376\377\000F\000r\000o\000m\000\040\000s\000u\000b\000u\000n\000i\000t\000\040\000c\000o\000o\000p\000e\000r\000a\000t\000i\000v\000i\000t\000y\000\040\000t\000o\000\040\000e\000m\000e\000r\000g\000e\000n\000t\000\040\000c\000h\000a\000n\000n\000e\000l\000\040\000d\000y\000n\000a\000m\000i\000c\000s}{}% 37
\BOOKMARK [1][]{section.22}{\376\377\000F\000r\000o\000m\000\040\000s\000u\000b\000u\000n\000i\000t\000\040\000b\000e\000h\000a\000v\000i\000o\000r\000\040\000t\000o\000\040\000c\000o\000l\000l\000e\000c\000t\000i\000v\000e\000\040\000b\000e\000h\000a\000v\000i\000o\000r}{}% 38
\BOOKMARK [1][]{section.23}{\376\377\000F\000r\000o\000m\000\040\000s\000t\000a\000t\000e\000\040\000d\000y\000n\000a\000m\000i\000c\000s\000\040\000t\000o\000\040\000p\000r\000e\000d\000i\000c\000t\000i\000v\000e\000\040\000l\000i\000k\000e\000l\000i\000h\000o\000o\000d\000\040\000m\000o\000d\000e\000l\000i\000n\000g}{}% 39
\BOOKMARK [1][]{section.24}{\376\377\000D\000i\000s\000c\000u\000s\000s\000i\000o\000n}{}% 40
\BOOKMARK [1][]{section.25}{\376\377\000D\000i\000s\000c\000u\000s\000s\000i\000o\000n}{}% 41
\BOOKMARK [1][]{section.26}{\376\377\000D\000i\000s\000c\000u\000s\000s\000i\000o\000n}{}% 42
\BOOKMARK [2][]{subsection.26.1}{\376\377\000I\000n\000t\000e\000g\000r\000a\000t\000i\000n\000g\000\040\000s\000t\000r\000u\000c\000t\000u\000r\000e\000\040\000a\000n\000d\000\040\000k\000i\000n\000e\000t\000i\000c\000s}{section.26}% 43
\BOOKMARK [2][]{subsection.26.2}{\376\377\000K\000i\000n\000e\000t\000i\000c\000\040\000c\000o\000u\000p\000l\000i\000n\000g\000\040\000a\000s\000\040\000a\000n\000\040\000e\000v\000o\000l\000u\000t\000i\000o\000n\000a\000r\000y\000\040\000o\000p\000t\000i\000m\000i\000z\000a\000t\000i\000o\000n}{section.26}% 44
\BOOKMARK [2][]{subsection.26.3}{\376\377\000B\000e\000y\000o\000n\000d\000\040\000c\000l\000a\000s\000s\000i\000c\000a\000l\000\040\000a\000l\000l\000o\000s\000t\000e\000r\000y}{section.26}% 45
\BOOKMARK [2][]{subsection.26.4}{\376\377\000L\000i\000m\000i\000t\000a\000t\000i\000o\000n\000s\000\040\000a\000n\000d\000\040\000f\000u\000t\000u\000r\000e\000\040\000d\000i\000r\000e\000c\000t\000i\000o\000n\000s}{section.26}% 46
\BOOKMARK [2][]{subsection.26.5}{\376\377\000B\000r\000o\000a\000d\000e\000r\000\040\000i\000m\000p\000l\000i\000c\000a\000t\000i\000o\000n\000s}{section.26}% 47
\BOOKMARK [2][]{subsection.26.6}{\376\377\000C\000o\000n\000c\000l\000u\000d\000i\000n\000g\000\040\000s\000t\000a\000t\000e\000m\000e\000n\000t}{section.26}% 48
\BOOKMARK [1][]{section.27}{\376\377\000D\000i\000s\000c\000u\000s\000s\000i\000o\000n}{}% 49
\BOOKMARK [1][]{section.28}{\376\377\000D\000i\000s\000c\000u\000s\000s\000i\000o\000n}{}% 50
\BOOKMARK [1][]{section.29}{\376\377\000C\000o\000n\000c\000l\000u\000s\000i\000o\000n}{}% 51
\BOOKMARK [2][]{section*.9}{\376\377\000S\000u\000p\000p\000l\000e\000m\000e\000n\000t\000a\000r\000y\000\040\000i\000n\000f\000o\000r\000m\000a\000t\000i\000o\000n}{section.29}% 52
\BOOKMARK [3][]{section*.10}{\376\377\000A\000c\000k\000n\000o\000w\000l\000e\000d\000g\000e\000m\000e\000n\000t\000s}{section*.9}% 53
\BOOKMARK [1][]{appendix.1.A}{\376\377\000S\000e\000c\000t\000i\000o\000n\000\040\000t\000i\000t\000l\000e\000\040\000o\000f\000\040\000f\000i\000r\000s\000t\000\040\000a\000p\000p\000e\000n\000d\000i\000x}{}% 54
\BOOKMARK [1][]{appendix.1.B}{\376\377\000S\000u\000p\000p\000l\000e\000m\000e\000n\000t\000a\000r\000y\000\040\000M\000a\000t\000e\000r\000i\000a\000l}{}% 55
\BOOKMARK [2][]{subsection.1.B.1}{\376\377\000D\000e\000t\000a\000i\000l\000e\000d\000\040\000K\000i\000n\000e\000t\000i\000c\000\040\000S\000c\000h\000e\000m\000e\000s}{appendix.1.B}% 56
\BOOKMARK [2][]{subsection.1.B.2}{\376\377\000B\000a\000y\000e\000s\000i\000a\000n\000\040\000E\000v\000i\000d\000e\000n\000c\000e\000\040\000a\000n\000d\000\040\000P\000o\000s\000t\000e\000r\000i\000o\000r\000\040\000D\000i\000s\000t\000r\000i\000b\000u\000t\000i\000o\000n\000s}{appendix.1.B}% 57
\BOOKMARK [2][]{subsection.1.B.3}{\376\377\000E\000q\000u\000a\000t\000i\000o\000n\000s\000\040\000f\000o\000r\000\040\000C\000u\000r\000r\000e\000n\000t\000\040\000M\000o\000d\000e\000l\000i\000n\000g}{appendix.1.B}% 58
\BOOKMARK [2][]{subsection.1.B.4}{\376\377\000A\000l\000t\000e\000r\000n\000a\000t\000i\000v\000e\000\040\000H\000y\000p\000o\000t\000h\000e\000s\000e\000s}{appendix.1.B}% 59
